2024-06-18 09:06:00,532 INFO o.s.w.s.DispatcherServlet [main] Initializing Servlet 'pulse'
2024-06-18 09:06:02,407 WARN o.s.s.c.u.User [main] User.withDefaultPasswordEncoder() is considered unsafe for production and is only intended for sample applications.
2024-06-18 09:06:02,787 INFO o.s.s.w.DefaultSecurityFilterChain [main] Will secure any request with [org.springframework.security.web.session.DisableEncodeUrlFilter@60ee6f76, org.springframework.security.web.context.request.async.WebAsyncManagerIntegrationFilter@4c1d2a13, org.springframework.security.web.context.SecurityContextPersistenceFilter@7ff395fa, org.springframework.security.web.header.HeaderWriterFilter@279e9c95, org.springframework.security.web.authentication.logout.LogoutFilter@3701acee, org.springframework.security.web.authentication.UsernamePasswordAuthenticationFilter@21f8693e, org.springframework.security.web.savedrequest.RequestCacheAwareFilter@27002c5a, org.springframework.security.web.servletapi.SecurityContextHolderAwareRequestFilter@69e636cc, org.springframework.security.web.authentication.AnonymousAuthenticationFilter@2a68932b, org.springframework.security.web.session.SessionManagementFilter@1c027237, org.springframework.security.web.access.ExceptionTranslationFilter@1d4ee7d7, org.springframework.security.web.access.intercept.AuthorizationFilter@2fad470b]
2024-06-18 09:06:02,844 INFO o.a.g.t.p.i.PulseAppListener [main] Context Initialized.. 
2024-06-18 09:06:02,850 INFO o.a.g.t.p.i.ClassPathPropertiesFileLoader [main] GemFireVersion.properties File Found 
2024-06-18 09:06:02,851 INFO o.a.g.t.p.i.PulseAppListener [main] Pulse Version: 10.1.0 null 1658
2024-06-18 09:06:02,851 INFO o.a.g.t.p.i.PulseAppListener [main] Checking whether Pulse is running in embedded mode..
2024-06-18 09:06:02,851 INFO o.a.g.t.p.i.PulseAppListener [main] Pulse is running in Embedded Mode..
2024-06-18 09:06:02,855 INFO o.s.w.s.DispatcherServlet [main] Completed initialization in 2318 ms
2024-06-18 10:55:53,884 INFO o.a.g.t.p.i.PulseAppListener [ReconnectThread] Context Destroyed.. /pulse
2024-06-18 10:57:18,603 INFO o.s.w.s.DispatcherServlet [Location services restart thread] Initializing Servlet 'pulse'
2024-06-18 10:57:19,774 WARN o.s.s.c.u.User [Location services restart thread] User.withDefaultPasswordEncoder() is considered unsafe for production and is only intended for sample applications.
2024-06-18 10:57:19,970 INFO o.s.s.w.DefaultSecurityFilterChain [Location services restart thread] Will secure any request with [org.springframework.security.web.session.DisableEncodeUrlFilter@13eb92b8, org.springframework.security.web.context.request.async.WebAsyncManagerIntegrationFilter@62aeb9d6, org.springframework.security.web.context.SecurityContextPersistenceFilter@2f61f9d3, org.springframework.security.web.header.HeaderWriterFilter@259b7ece, org.springframework.security.web.authentication.logout.LogoutFilter@7edae1fb, org.springframework.security.web.authentication.UsernamePasswordAuthenticationFilter@38f0ed9f, org.springframework.security.web.savedrequest.RequestCacheAwareFilter@17f33a0, org.springframework.security.web.servletapi.SecurityContextHolderAwareRequestFilter@dcbff86, org.springframework.security.web.authentication.AnonymousAuthenticationFilter@6387fe6, org.springframework.security.web.session.SessionManagementFilter@38efe818, org.springframework.security.web.access.ExceptionTranslationFilter@60219aef, org.springframework.security.web.access.intercept.AuthorizationFilter@4256d331]
2024-06-18 10:57:19,996 INFO o.a.g.t.p.i.PulseAppListener [Location services restart thread] Context Initialized.. 
2024-06-18 10:57:19,997 INFO o.a.g.t.p.i.ClassPathPropertiesFileLoader [Location services restart thread] GemFireVersion.properties File Found 
2024-06-18 10:57:19,997 INFO o.a.g.t.p.i.PulseAppListener [Location services restart thread] Pulse Version: 10.1.0 null 1658
2024-06-18 10:57:19,997 INFO o.a.g.t.p.i.PulseAppListener [Location services restart thread] Checking whether Pulse is running in embedded mode..
2024-06-18 10:57:19,997 INFO o.a.g.t.p.i.PulseAppListener [Location services restart thread] Pulse is running in Embedded Mode..
2024-06-18 10:57:19,999 INFO o.s.w.s.DispatcherServlet [Location services restart thread] Completed initialization in 1391 ms
2024-06-18 12:55:54,233 INFO o.a.g.t.p.i.PulseAppListener [ReconnectThread] Context Destroyed.. /pulse
2024-06-18 12:57:32,143 INFO o.s.w.s.DispatcherServlet [Location services restart thread] Initializing Servlet 'pulse'
2024-06-18 12:57:34,502 WARN o.s.s.c.u.User [Location services restart thread] User.withDefaultPasswordEncoder() is considered unsafe for production and is only intended for sample applications.
2024-06-18 12:57:35,037 INFO o.s.s.w.DefaultSecurityFilterChain [Location services restart thread] Will secure any request with [org.springframework.security.web.session.DisableEncodeUrlFilter@62f790b5, org.springframework.security.web.context.request.async.WebAsyncManagerIntegrationFilter@9b3de43, org.springframework.security.web.context.SecurityContextPersistenceFilter@728c26fe, org.springframework.security.web.header.HeaderWriterFilter@4ab6564c, org.springframework.security.web.authentication.logout.LogoutFilter@5686183f, org.springframework.security.web.authentication.UsernamePasswordAuthenticationFilter@1f2031d9, org.springframework.security.web.savedrequest.RequestCacheAwareFilter@da7fa76, org.springframework.security.web.servletapi.SecurityContextHolderAwareRequestFilter@7fd71e9f, org.springframework.security.web.authentication.AnonymousAuthenticationFilter@5ada8100, org.springframework.security.web.session.SessionManagementFilter@2e874921, org.springframework.security.web.access.ExceptionTranslationFilter@610be9ea, org.springframework.security.web.access.intercept.AuthorizationFilter@1100461e]
2024-06-18 12:57:35,085 INFO o.a.g.t.p.i.PulseAppListener [Location services restart thread] Context Initialized.. 
2024-06-18 12:57:35,096 INFO o.a.g.t.p.i.ClassPathPropertiesFileLoader [Location services restart thread] GemFireVersion.properties File Found 
2024-06-18 12:57:35,096 INFO o.a.g.t.p.i.PulseAppListener [Location services restart thread] Pulse Version: 10.1.0 null 1658
2024-06-18 12:57:35,096 INFO o.a.g.t.p.i.PulseAppListener [Location services restart thread] Checking whether Pulse is running in embedded mode..
2024-06-18 12:57:35,096 INFO o.a.g.t.p.i.PulseAppListener [Location services restart thread] Pulse is running in Embedded Mode..
2024-06-18 12:57:35,098 INFO o.s.w.s.DispatcherServlet [Location services restart thread] Completed initialization in 2941 ms
2024-06-18 17:14:35,429 INFO o.a.g.t.p.i.PulseAppListener [ReconnectThread] Context Destroyed.. /pulse
2024-06-18 17:18:21,224 INFO o.s.w.s.DispatcherServlet [Location services restart thread] Initializing Servlet 'pulse'
2024-06-18 17:18:22,383 WARN o.s.s.c.u.User [Location services restart thread] User.withDefaultPasswordEncoder() is considered unsafe for production and is only intended for sample applications.
2024-06-18 17:18:22,665 INFO o.s.s.w.DefaultSecurityFilterChain [Location services restart thread] Will secure any request with [org.springframework.security.web.session.DisableEncodeUrlFilter@7fd0150c, org.springframework.security.web.context.request.async.WebAsyncManagerIntegrationFilter@53f05a58, org.springframework.security.web.context.SecurityContextPersistenceFilter@12255617, org.springframework.security.web.header.HeaderWriterFilter@43e0dec, org.springframework.security.web.authentication.logout.LogoutFilter@179e1214, org.springframework.security.web.authentication.UsernamePasswordAuthenticationFilter@74f8f07a, org.springframework.security.web.savedrequest.RequestCacheAwareFilter@7678bae2, org.springframework.security.web.servletapi.SecurityContextHolderAwareRequestFilter@4520a7ad, org.springframework.security.web.authentication.AnonymousAuthenticationFilter@6922b802, org.springframework.security.web.session.SessionManagementFilter@3417d0ca, org.springframework.security.web.access.ExceptionTranslationFilter@2616a9ea, org.springframework.security.web.access.intercept.AuthorizationFilter@ec2e4e3]
2024-06-18 17:18:22,702 INFO o.a.g.t.p.i.PulseAppListener [Location services restart thread] Context Initialized.. 
2024-06-18 17:18:22,702 INFO o.a.g.t.p.i.ClassPathPropertiesFileLoader [Location services restart thread] GemFireVersion.properties File Found 
2024-06-18 17:18:22,703 INFO o.a.g.t.p.i.PulseAppListener [Location services restart thread] Pulse Version: 10.1.0 null 1658
2024-06-18 17:18:22,703 INFO o.a.g.t.p.i.PulseAppListener [Location services restart thread] Checking whether Pulse is running in embedded mode..
2024-06-18 17:18:22,703 INFO o.a.g.t.p.i.PulseAppListener [Location services restart thread] Pulse is running in Embedded Mode..
2024-06-18 17:18:22,705 INFO o.s.w.s.DispatcherServlet [Location services restart thread] Completed initialization in 1478 ms
2024-06-18 17:53:02,859 INFO o.a.g.t.p.i.PulseAppListener [ReconnectThread] Context Destroyed.. /pulse
2024-06-18 17:55:59,373 INFO o.s.w.s.DispatcherServlet [Location services restart thread] Initializing Servlet 'pulse'
2024-06-18 17:56:00,305 WARN o.s.s.c.u.User [Location services restart thread] User.withDefaultPasswordEncoder() is considered unsafe for production and is only intended for sample applications.
2024-06-18 17:56:00,507 INFO o.s.s.w.DefaultSecurityFilterChain [Location services restart thread] Will secure any request with [org.springframework.security.web.session.DisableEncodeUrlFilter@64ebf5a, org.springframework.security.web.context.request.async.WebAsyncManagerIntegrationFilter@498bdf7f, org.springframework.security.web.context.SecurityContextPersistenceFilter@2b3814d3, org.springframework.security.web.header.HeaderWriterFilter@7cf38ba5, org.springframework.security.web.authentication.logout.LogoutFilter@2c93a8dd, org.springframework.security.web.authentication.UsernamePasswordAuthenticationFilter@729e73ac, org.springframework.security.web.savedrequest.RequestCacheAwareFilter@23a38919, org.springframework.security.web.servletapi.SecurityContextHolderAwareRequestFilter@1403d8a6, org.springframework.security.web.authentication.AnonymousAuthenticationFilter@4d010f8d, org.springframework.security.web.session.SessionManagementFilter@3183ddc7, org.springframework.security.web.access.ExceptionTranslationFilter@2d4a5def, org.springframework.security.web.access.intercept.AuthorizationFilter@79f1839b]
2024-06-18 17:56:00,549 INFO o.a.g.t.p.i.PulseAppListener [Location services restart thread] Context Initialized.. 
2024-06-18 17:56:00,565 INFO o.a.g.t.p.i.ClassPathPropertiesFileLoader [Location services restart thread] GemFireVersion.properties File Found 
2024-06-18 17:56:00,565 INFO o.a.g.t.p.i.PulseAppListener [Location services restart thread] Pulse Version: 10.1.0 null 1658
2024-06-18 17:56:00,565 INFO o.a.g.t.p.i.PulseAppListener [Location services restart thread] Checking whether Pulse is running in embedded mode..
2024-06-18 17:56:00,565 INFO o.a.g.t.p.i.PulseAppListener [Location services restart thread] Pulse is running in Embedded Mode..
2024-06-18 17:56:00,567 INFO o.s.w.s.DispatcherServlet [Location services restart thread] Completed initialization in 1191 ms
2024-06-18 22:27:35,401 INFO o.a.g.t.p.i.PulseAppListener [ReconnectThread] Context Destroyed.. /pulse
2024-06-18 22:31:49,256 INFO o.s.w.s.DispatcherServlet [Location services restart thread] Initializing Servlet 'pulse'
2024-06-18 22:31:50,471 WARN o.s.s.c.u.User [Location services restart thread] User.withDefaultPasswordEncoder() is considered unsafe for production and is only intended for sample applications.
2024-06-18 22:31:50,744 INFO o.s.s.w.DefaultSecurityFilterChain [Location services restart thread] Will secure any request with [org.springframework.security.web.session.DisableEncodeUrlFilter@319669b0, org.springframework.security.web.context.request.async.WebAsyncManagerIntegrationFilter@65e1381e, org.springframework.security.web.context.SecurityContextPersistenceFilter@34467420, org.springframework.security.web.header.HeaderWriterFilter@39164e56, org.springframework.security.web.authentication.logout.LogoutFilter@69942dbc, org.springframework.security.web.authentication.UsernamePasswordAuthenticationFilter@26a6986, org.springframework.security.web.savedrequest.RequestCacheAwareFilter@717aa4c0, org.springframework.security.web.servletapi.SecurityContextHolderAwareRequestFilter@51009086, org.springframework.security.web.authentication.AnonymousAuthenticationFilter@49b744f9, org.springframework.security.web.session.SessionManagementFilter@33142efa, org.springframework.security.web.access.ExceptionTranslationFilter@6cb40d76, org.springframework.security.web.access.intercept.AuthorizationFilter@4577e843]
2024-06-18 22:31:50,775 INFO o.a.g.t.p.i.PulseAppListener [Location services restart thread] Context Initialized.. 
2024-06-18 22:31:50,775 INFO o.a.g.t.p.i.ClassPathPropertiesFileLoader [Location services restart thread] GemFireVersion.properties File Found 
2024-06-18 22:31:50,775 INFO o.a.g.t.p.i.PulseAppListener [Location services restart thread] Pulse Version: 10.1.0 null 1658
2024-06-18 22:31:50,775 INFO o.a.g.t.p.i.PulseAppListener [Location services restart thread] Checking whether Pulse is running in embedded mode..
2024-06-18 22:31:50,775 INFO o.a.g.t.p.i.PulseAppListener [Location services restart thread] Pulse is running in Embedded Mode..
2024-06-18 22:31:50,778 INFO o.s.w.s.DispatcherServlet [Location services restart thread] Completed initialization in 1518 ms
2024-06-24 17:56:27,584 INFO o.s.w.s.DispatcherServlet [main] Initializing Servlet 'pulse'
2024-06-24 17:56:28,580 WARN o.s.s.c.u.User [main] User.withDefaultPasswordEncoder() is considered unsafe for production and is only intended for sample applications.
2024-06-24 17:56:28,794 INFO o.s.s.w.DefaultSecurityFilterChain [main] Will secure any request with [org.springframework.security.web.session.DisableEncodeUrlFilter@3426d8e2, org.springframework.security.web.context.request.async.WebAsyncManagerIntegrationFilter@675c1335, org.springframework.security.web.context.SecurityContextPersistenceFilter@18d6ac02, org.springframework.security.web.header.HeaderWriterFilter@186f7553, org.springframework.security.web.authentication.logout.LogoutFilter@8ea1521, org.springframework.security.web.authentication.UsernamePasswordAuthenticationFilter@8ccec82, org.springframework.security.web.savedrequest.RequestCacheAwareFilter@3545bfea, org.springframework.security.web.servletapi.SecurityContextHolderAwareRequestFilter@55a8f92d, org.springframework.security.web.authentication.AnonymousAuthenticationFilter@4f31e47a, org.springframework.security.web.session.SessionManagementFilter@734d870f, org.springframework.security.web.access.ExceptionTranslationFilter@3f60ba06, org.springframework.security.web.access.intercept.AuthorizationFilter@2f2e75ae]
2024-06-24 17:56:28,823 INFO o.a.g.t.p.i.PulseAppListener [main] Context Initialized.. 
2024-06-24 17:56:28,823 INFO o.a.g.t.p.i.ClassPathPropertiesFileLoader [main] GemFireVersion.properties File Found 
2024-06-24 17:56:28,823 INFO o.a.g.t.p.i.PulseAppListener [main] Pulse Version: 10.1.0 null 1658
2024-06-24 17:56:28,823 INFO o.a.g.t.p.i.PulseAppListener [main] Checking whether Pulse is running in embedded mode..
2024-06-24 17:56:28,824 INFO o.a.g.t.p.i.PulseAppListener [main] Pulse is running in Embedded Mode..
2024-06-24 17:56:28,825 INFO o.s.w.s.DispatcherServlet [main] Completed initialization in 1234 ms
2024-06-25 10:32:59,728 INFO o.a.g.t.p.i.PulseAppListener [ReconnectThread] Context Destroyed.. /pulse
2024-06-25 16:35:19,579 INFO o.s.w.s.DispatcherServlet [Location services restart thread] Initializing Servlet 'pulse'
2024-06-25 16:35:24,712 WARN o.s.s.c.u.User [Location services restart thread] User.withDefaultPasswordEncoder() is considered unsafe for production and is only intended for sample applications.
2024-06-25 16:35:25,688 INFO o.s.s.w.DefaultSecurityFilterChain [Location services restart thread] Will secure any request with [org.springframework.security.web.session.DisableEncodeUrlFilter@45bc8814, org.springframework.security.web.context.request.async.WebAsyncManagerIntegrationFilter@43115532, org.springframework.security.web.context.SecurityContextPersistenceFilter@505cacb4, org.springframework.security.web.header.HeaderWriterFilter@715a9fc3, org.springframework.security.web.authentication.logout.LogoutFilter@14abf56e, org.springframework.security.web.authentication.UsernamePasswordAuthenticationFilter@1cc3e221, org.springframework.security.web.savedrequest.RequestCacheAwareFilter@26267aac, org.springframework.security.web.servletapi.SecurityContextHolderAwareRequestFilter@3c4f70c0, org.springframework.security.web.authentication.AnonymousAuthenticationFilter@1cd5ca5a, org.springframework.security.web.session.SessionManagementFilter@74468eee, org.springframework.security.web.access.ExceptionTranslationFilter@4c28cb3c, org.springframework.security.web.access.intercept.AuthorizationFilter@312adc0b]
2024-06-25 16:35:25,832 INFO o.a.g.t.p.i.PulseAppListener [Location services restart thread] Context Initialized.. 
2024-06-25 16:35:25,842 INFO o.a.g.t.p.i.ClassPathPropertiesFileLoader [Location services restart thread] GemFireVersion.properties File Found 
2024-06-25 16:35:25,843 INFO o.a.g.t.p.i.PulseAppListener [Location services restart thread] Pulse Version: 10.1.0 null 1658
2024-06-25 16:35:25,843 INFO o.a.g.t.p.i.PulseAppListener [Location services restart thread] Checking whether Pulse is running in embedded mode..
2024-06-25 16:35:25,844 INFO o.a.g.t.p.i.PulseAppListener [Location services restart thread] Pulse is running in Embedded Mode..
2024-06-25 16:35:25,854 INFO o.s.w.s.DispatcherServlet [Location services restart thread] Completed initialization in 6259 ms
2024-06-26 08:07:03,917 INFO o.a.g.t.p.i.PulseAppListener [ReconnectThread] Context Destroyed.. /pulse
2024-06-26 08:56:16,470 INFO o.s.w.s.DispatcherServlet [Location services restart thread] Initializing Servlet 'pulse'
2024-06-26 08:56:19,080 WARN o.s.s.c.u.User [Location services restart thread] User.withDefaultPasswordEncoder() is considered unsafe for production and is only intended for sample applications.
2024-06-26 08:56:19,394 INFO o.s.s.w.DefaultSecurityFilterChain [Location services restart thread] Will secure any request with [org.springframework.security.web.session.DisableEncodeUrlFilter@1e36d726, org.springframework.security.web.context.request.async.WebAsyncManagerIntegrationFilter@1953f03f, org.springframework.security.web.context.SecurityContextPersistenceFilter@6660cbcd, org.springframework.security.web.header.HeaderWriterFilter@5a6f0781, org.springframework.security.web.authentication.logout.LogoutFilter@4c33b045, org.springframework.security.web.authentication.UsernamePasswordAuthenticationFilter@532f2f03, org.springframework.security.web.savedrequest.RequestCacheAwareFilter@d1c0e77, org.springframework.security.web.servletapi.SecurityContextHolderAwareRequestFilter@78c11f8d, org.springframework.security.web.authentication.AnonymousAuthenticationFilter@6cbaf13d, org.springframework.security.web.session.SessionManagementFilter@71e8ed8c, org.springframework.security.web.access.ExceptionTranslationFilter@643f3a72, org.springframework.security.web.access.intercept.AuthorizationFilter@4dc45774]
2024-06-26 08:56:19,448 INFO o.a.g.t.p.i.PulseAppListener [Location services restart thread] Context Initialized.. 
2024-06-26 08:56:19,450 INFO o.a.g.t.p.i.ClassPathPropertiesFileLoader [Location services restart thread] GemFireVersion.properties File Found 
2024-06-26 08:56:19,451 INFO o.a.g.t.p.i.PulseAppListener [Location services restart thread] Pulse Version: 10.1.0 null 1658
2024-06-26 08:56:19,451 INFO o.a.g.t.p.i.PulseAppListener [Location services restart thread] Checking whether Pulse is running in embedded mode..
2024-06-26 08:56:19,451 INFO o.a.g.t.p.i.PulseAppListener [Location services restart thread] Pulse is running in Embedded Mode..
2024-06-26 08:56:19,453 INFO o.s.w.s.DispatcherServlet [Location services restart thread] Completed initialization in 2976 ms
2024-06-26 13:50:12,761 INFO o.s.w.s.DispatcherServlet [main] Initializing Servlet 'pulse'
2024-06-26 13:50:13,663 WARN o.s.s.c.u.User [main] User.withDefaultPasswordEncoder() is considered unsafe for production and is only intended for sample applications.
2024-06-26 13:50:13,849 INFO o.s.s.w.DefaultSecurityFilterChain [main] Will secure any request with [org.springframework.security.web.session.DisableEncodeUrlFilter@f4a21cb, org.springframework.security.web.context.request.async.WebAsyncManagerIntegrationFilter@635f4be1, org.springframework.security.web.context.SecurityContextPersistenceFilter@4f9871a2, org.springframework.security.web.header.HeaderWriterFilter@5ac3d009, org.springframework.security.web.authentication.logout.LogoutFilter@45e6f47a, org.springframework.security.web.authentication.UsernamePasswordAuthenticationFilter@45fdd38d, org.springframework.security.web.savedrequest.RequestCacheAwareFilter@6d17cd8b, org.springframework.security.web.servletapi.SecurityContextHolderAwareRequestFilter@4ff7de80, org.springframework.security.web.authentication.AnonymousAuthenticationFilter@456d3914, org.springframework.security.web.session.SessionManagementFilter@1ffcb4bb, org.springframework.security.web.access.ExceptionTranslationFilter@4c53ce60, org.springframework.security.web.access.intercept.AuthorizationFilter@33c5d3e]
2024-06-26 13:50:13,878 INFO o.a.g.t.p.i.PulseAppListener [main] Context Initialized.. 
2024-06-26 13:50:13,879 INFO o.a.g.t.p.i.ClassPathPropertiesFileLoader [main] GemFireVersion.properties File Found 
2024-06-26 13:50:13,879 INFO o.a.g.t.p.i.PulseAppListener [main] Pulse Version: 10.1.0 null 1658
2024-06-26 13:50:13,879 INFO o.a.g.t.p.i.PulseAppListener [main] Checking whether Pulse is running in embedded mode..
2024-06-26 13:50:13,879 INFO o.a.g.t.p.i.PulseAppListener [main] Pulse is running in Embedded Mode..
2024-06-26 13:50:13,881 INFO o.s.w.s.DispatcherServlet [main] Completed initialization in 1116 ms
2024-06-26 13:51:53,812 INFO o.s.w.s.DispatcherServlet [main] Initializing Servlet 'pulse'
2024-06-26 13:51:54,835 WARN o.s.s.c.u.User [main] User.withDefaultPasswordEncoder() is considered unsafe for production and is only intended for sample applications.
2024-06-26 13:51:55,053 INFO o.s.s.w.DefaultSecurityFilterChain [main] Will secure any request with [org.springframework.security.web.session.DisableEncodeUrlFilter@2746b1cc, org.springframework.security.web.context.request.async.WebAsyncManagerIntegrationFilter@6bcf2780, org.springframework.security.web.context.SecurityContextPersistenceFilter@2810d9, org.springframework.security.web.header.HeaderWriterFilter@7602da1a, org.springframework.security.web.authentication.logout.LogoutFilter@2b01bb54, org.springframework.security.web.authentication.UsernamePasswordAuthenticationFilter@3ef97efc, org.springframework.security.web.savedrequest.RequestCacheAwareFilter@2a64cb1f, org.springframework.security.web.servletapi.SecurityContextHolderAwareRequestFilter@3644d12a, org.springframework.security.web.authentication.AnonymousAuthenticationFilter@4bb4adf7, org.springframework.security.web.session.SessionManagementFilter@2d1dbf4f, org.springframework.security.web.access.ExceptionTranslationFilter@284e68ae, org.springframework.security.web.access.intercept.AuthorizationFilter@5100fe55]
2024-06-26 13:51:55,083 INFO o.a.g.t.p.i.PulseAppListener [main] Context Initialized.. 
2024-06-26 13:51:55,084 INFO o.a.g.t.p.i.ClassPathPropertiesFileLoader [main] GemFireVersion.properties File Found 
2024-06-26 13:51:55,084 INFO o.a.g.t.p.i.PulseAppListener [main] Pulse Version: 10.1.0 null 1658
2024-06-26 13:51:55,084 INFO o.a.g.t.p.i.PulseAppListener [main] Checking whether Pulse is running in embedded mode..
2024-06-26 13:51:55,084 INFO o.a.g.t.p.i.PulseAppListener [main] Pulse is running in Embedded Mode..
2024-06-26 13:51:55,085 INFO o.s.w.s.DispatcherServlet [main] Completed initialization in 1269 ms
